MsgID.STATE,0.0000000,True,True,1
MsgID.GLOBAL_HOME,0.0000000,-122.3974533,37.7924804,0.0000000
MsgID.GLOBAL_POSITION,0.0000000,-122.3974490,37.7924785,0.2630000
MsgID.LOCAL_VELOCITY,0.0000000,0.0000000,0.0000000,0.0000000
MsgID.LOCAL_POSITION,54.0220000,-0.2125664,0.3792360,-0.2635854
MsgID.LOCAL_VELOCITY,54.0220000,0.0000048,-0.0000466,0.0000164
MsgID.GLOBAL_POSITION,0.0000000,-122.3974515,37.7924790,0.2700000
MsgID.LOCAL_VELOCITY,0.0000000,0.0000000,0.0000000,0.0000000
MsgID.LOCAL_POSITION,54.2730000,-0.1574138,0.1578907,-0.2710249
MsgID.LOCAL_VELOCITY,54.2730000,0.0000054,-0.0000309,0.0000134
MsgID.GLOBAL_POSITION,0.0000000,-122.3974496,37.7924800,0.2710000
MsgID.LOCAL_VELOCITY,0.0000000,0.0000000,0.0000000,0.0000000
MsgID.LOCAL_POSITION,54.5230000,-0.0512331,0.3254070,-0.2713760
MsgID.LOCAL_VELOCITY,54.5230000,0.0000076,-0.0000182,0.0000209
MsgID.GLOBAL_POSITION,0.0000000,-122.3974480,37.7924800,0.2660000
MsgID.LOCAL_VELOCITY,0.0000000,0.0000000,0.0000000,0.0000000
MsgID.LOCAL_POSITION,54.7730000,-0.0411618,0.4705305,-0.2659898
MsgID.LOCAL_VELOCITY,54.7730000,-0.0000098,-0.0000022,0.0000128
MsgID.STATE,0.0000000,True,True,1
MsgID.GLOBAL_HOME,0.0000000,-122.3974533,37.7924804,0.0000000
MsgID.GLOBAL_POSITION,0.0000000,-122.3974498,37.7924799,0.2560000
MsgID.LOCAL_VELOCITY,0.0000000,0.0000000,0.0000000,0.0000000
MsgID.LOCAL_POSITION,55.0230000,-0.0529390,0.3072810,-0.2568778
MsgID.LOCAL_VELOCITY,55.0230000,0.0000077,-0.0000102,0.0000176
MsgID.GLOBAL_POSITION,0.0000000,-122.3974510,37.7924799,0.2420000
MsgID.LOCAL_VELOCITY,0.0000000,0.0000000,0.0000000,0.0000000
MsgID.LOCAL_POSITION,55.2730000,-0.0556239,0.2052010,-0.2419390
MsgID.LOCAL_VELOCITY,55.2730000,0.0000088,-0.0000033,0.0000136
MsgID.GLOBAL_POSITION,0.0000000,-122.3974496,37.7924813,0.2250000
MsgID.LOCAL_VELOCITY,0.0000000,0.0000000,0.0000000,0.0000000
MsgID.LOCAL_POSITION,55.5230000,0.1006050,0.3243756,-0.2251196
MsgID.LOCAL_VELOCITY,55.5230000,0.0000287,0.0000241,0.0000277
MsgID.GLOBAL_POSITION,0.0000000,-122.3974487,37.7924813,0.2020000
MsgID.LOCAL_VELOCITY,0.0000000,0.0000000,0.0000000,0.0000000
MsgID.LOCAL_POSITION,55.7730000,0.0884395,0.3967700,-0.2017843
MsgID.LOCAL_VELOCITY,55.7730000,-0.0000303,-0.0000098,-0.0000173
MsgID.STATE,0.0000000,True,True,1
MsgID.GLOBAL_HOME,0.0000000,-122.3974533,37.7924804,0.0000000
MsgID.GLOBAL_POSITION,0.0000000,-122.3974504,37.7924800,0.1760000
MsgID.LOCAL_VELOCITY,0.0000000,0.0000000,0.0000000,0.0000000
MsgID.LOCAL_POSITION,56.0230000,-0.0510493,0.2542444,-0.1762461
MsgID.LOCAL_VELOCITY,56.0230000,-0.0000172,0.0000198,0.0000144
MsgID.GLOBAL_POSITION,0.0000000,-122.3974501,37.7924786,0.1450000
MsgID.LOCAL_VELOCITY,0.0000000,0.0000000,0.0000000,0.0000000
MsgID.LOCAL_POSITION,56.2730000,-0.2082668,0.2829683,-0.1440170
MsgID.LOCAL_VELOCITY,56.2730000,-0.0000087,-0.0000263,0.0000156
MsgID.GLOBAL_POSITION,0.0000000,-122.3974500,37.7924790,0.1150000
MsgID.LOCAL_VELOCITY,0.0000000,0.0000000,0.0000000,0.0000000
MsgID.LOCAL_POSITION,56.5240000,-0.1554584,0.2858306,-0.1152039
MsgID.LOCAL_VELOCITY,56.5240000,0.0000074,-0.0000124,0.0000248
MsgID.GLOBAL_POSITION,0.0000000,-122.3974493,37.7924804,0.0850000
MsgID.LOCAL_VELOCITY,0.0000000,0.0000000,0.0000000,0.0000000
MsgID.LOCAL_POSITION,56.7740000,-0.0057221,0.3535376,-0.0848293
MsgID.LOCAL_VELOCITY,56.7740000,0.0000146,-0.0000150,0.0000107
MsgID.STATE,0.0000000,True,True,1
MsgID.GLOBAL_HOME,0.0000000,-122.3974533,37.7924804,0.0000000
MsgID.GLOBAL_POSITION,0.0000000,-122.3974484,37.7924801,0.0630000
MsgID.LOCAL_VELOCITY,0.0000000,0.0000000,0.0000000,0.0000000
MsgID.LOCAL_POSITION,57.0240000,-0.0359128,0.4317029,-0.0632946
MsgID.LOCAL_VELOCITY,57.0240000,0.0000047,-0.0000192,0.0000332
MsgID.GLOBAL_POSITION,0.0000000,-122.3974502,37.7924800,0.0440000
MsgID.LOCAL_VELOCITY,0.0000000,0.0000000,0.0000000,0.0000000
MsgID.LOCAL_POSITION,57.2740000,-0.0411618,0.2688933,-0.0446986
MsgID.LOCAL_VELOCITY,57.2740000,0.0000105,-0.0000078,0.0000201
MsgID.GLOBAL_POSITION,0.0000000,-122.3974500,37.7924804,0.0310000
MsgID.LOCAL_VELOCITY,0.0000000,0.0000000,0.0000000,0.0000000
MsgID.LOCAL_POSITION,57.5240000,-0.0009962,0.2931556,-0.0312356
MsgID.LOCAL_VELOCITY,57.5240000,-0.0000031,-0.0000004,0.0000100
MsgID.GLOBAL_POSITION,0.0000000,-122.3974505,37.7924814,0.0150000
MsgID.LOCAL_VELOCITY,0.0000000,0.0000000,0.0000000,0.0000000
MsgID.LOCAL_POSITION,57.7740000,0.1098641,0.2421085,-0.0154657
MsgID.LOCAL_VELOCITY,57.7740000,-0.0000086,-0.0000222,0.0000036
MsgID.STATE,0.0000000,True,True,1
MsgID.GLOBAL_HOME,0.0000000,-122.3974533,37.7924804,0.0000000
MsgID.GLOBAL_POSITION,0.0000000,-122.3974517,37.7924803,0.0000000
MsgID.LOCAL_VELOCITY,0.0000000,0.0000000,0.0000000,0.0000000
MsgID.LOCAL_POSITION,58.0240000,-0.0080044,0.1389694,0.0001421
MsgID.LOCAL_VELOCITY,58.0240000,0.0000145,-0.0000079,0.0000168
MsgID.GLOBAL_POSITION,0.0000000,-122.3974518,37.7924806,-0.0190000
MsgID.LOCAL_VELOCITY,0.0000000,0.0000000,0.0000000,0.0000000
MsgID.LOCAL_POSITION,58.2740000,0.0179125,0.1283235,0.0199153
MsgID.LOCAL_VELOCITY,58.2740000,-0.0000007,-0.0000051,0.0000109
MsgID.GLOBAL_POSITION,0.0000000,-122.3974515,37.7924808,-0.0380000
MsgID.LOCAL_VELOCITY,0.0000000,0.0000000,0.0000000,0.0000000
MsgID.LOCAL_POSITION,58.5250000,0.0390542,0.1520617,0.0381409
MsgID.LOCAL_VELOCITY,58.5250000,-0.0000065,-0.0000159,0.0000092
MsgID.GLOBAL_POSITION,0.0000000,-122.3974505,37.7924816,-0.0550000
MsgID.LOCAL_VELOCITY,0.0000000,0.0000000,0.0000000,0.0000000
MsgID.LOCAL_POSITION,58.7750000,0.1370388,0.2575789,0.0564772
MsgID.LOCAL_VELOCITY,58.7750000,0.0000008,-0.0000170,0.0000063
MsgID.STATE,0.0000000,True,True,1
MsgID.GLOBAL_HOME,0.0000000,-122.3974533,37.7924804,0.0000000
MsgID.GLOBAL_POSITION,0.0000000,-122.3974485,37.7924808,-0.0670000
MsgID.LOCAL_VELOCITY,0.0000000,0.0000000,0.0000000,0.0000000
MsgID.LOCAL_POSITION,59.0250000,0.0453692,0.4254817,0.0674715
MsgID.LOCAL_VELOCITY,59.0250000,0.0000094,0.0000074,0.0000037
MsgID.GLOBAL_POSITION,0.0000000,-122.3974496,37.7924793,-0.0700000
MsgID.LOCAL_VELOCITY,0.0000000,0.0000000,0.0000000,0.0000000
MsgID.LOCAL_POSITION,59.2750000,-0.1292129,0.3205654,0.0706408
MsgID.LOCAL_VELOCITY,59.2750000,0.0000090,0.0000055,0.0000024
MsgID.GLOBAL_POSITION,0.0000000,-122.3974515,37.7924789,-0.0630000
MsgID.LOCAL_VELOCITY,0.0000000,0.0000000,0.0000000,0.0000000
MsgID.LOCAL_POSITION,59.5250000,-0.1712457,0.1575733,0.0634642
MsgID.LOCAL_VELOCITY,59.5250000,0.0000182,-0.0000125,0.0000060
MsgID.GLOBAL_POSITION,0.0000000,-122.3974509,37.7924808,-0.0430000
MsgID.LOCAL_VELOCITY,0.0000000,0.0000000,0.0000000,0.0000000
MsgID.LOCAL_POSITION,59.7750000,0.0455956,0.2110564,0.0437650
MsgID.LOCAL_VELOCITY,59.7750000,0.0000148,-0.0000099,0.0000004
MsgID.STATE,0.0000000,True,True,1
MsgID.GLOBAL_HOME,0.0000000,-122.3974533,37.7924804,0.0000000
MsgID.GLOBAL_POSITION,0.0000000,-122.3974498,37.7924812,-0.0180000
MsgID.LOCAL_VELOCITY,0.0000000,0.0000000,0.0000000,0.0000000
MsgID.LOCAL_POSITION,60.0250000,0.0829410,0.3064600,0.0180447
MsgID.LOCAL_VELOCITY,60.0250000,-0.0000011,-0.0000317,0.0000132
MsgID.GLOBAL_POSITION,0.0000000,-122.3974511,37.7924798,0.0170000
MsgID.LOCAL_VELOCITY,0.0000000,0.0000000,0.0000000,0.0000000
MsgID.LOCAL_POSITION,60.2750000,-0.0700646,0.1948493,-0.0173888
MsgID.LOCAL_VELOCITY,60.2750000,-0.0000096,-0.0000256,0.0000129
MsgID.GLOBAL_POSITION,0.0000000,-122.3974510,37.7924789,0.0490000
MsgID.LOCAL_VELOCITY,0.0000000,0.0000000,0.0000000,0.0000000
MsgID.LOCAL_POSITION,60.5250000,-0.1704977,0.2009835,-0.0493161
MsgID.LOCAL_VELOCITY,60.5250000,0.0000081,-0.0000028,0.0000096
MsgID.GLOBAL_POSITION,0.0000000,-122.3974496,37.7924800,0.0810000
MsgID.LOCAL_VELOCITY,0.0000000,0.0000000,0.0000000,0.0000000
MsgID.LOCAL_POSITION,60.7750000,-0.0514498,0.3224402,-0.0817110
MsgID.LOCAL_VELOCITY,60.7750000,0.0000124,0.0000131,0.0000100
MsgID.STATE,0.0000000,True,True,1
MsgID.GLOBAL_HOME,0.0000000,-122.3974533,37.7924804,0.0000000
MsgID.GLOBAL_POSITION,0.0000000,-122.3974500,37.7924796,0.1030000
MsgID.LOCAL_VELOCITY,0.0000000,0.0000000,0.0000000,0.0000000
MsgID.LOCAL_POSITION,61.0250000,-0.0945131,0.2864775,-0.1030185
MsgID.LOCAL_VELOCITY,61.0250000,0.0000097,-0.0000085,0.0000082
MsgID.GLOBAL_POSITION,0.0000000,-122.3974500,37.7924789,0.1170000
MsgID.LOCAL_VELOCITY,0.0000000,0.0000000,0.0000000,0.0000000
MsgID.LOCAL_POSITION,61.2760000,-0.1711462,0.2860657,-0.1173261
MsgID.LOCAL_VELOCITY,61.2760000,-0.0000217,0.0000216,0.0000109
MsgID.GLOBAL_POSITION,0.0000000,-122.3974496,37.7924784,0.1200000
MsgID.LOCAL_VELOCITY,0.0000000,0.0000000,0.0000000,0.0000000
MsgID.LOCAL_POSITION,61.5260000,-0.2238129,0.3215353,-0.1207433
MsgID.LOCAL_VELOCITY,61.5260000,0.0000117,0.0000101,0.0000137
MsgID.GLOBAL_POSITION,0.0000000,-122.3974508,37.7924789,0.1160000
MsgID.LOCAL_VELOCITY,0.0000000,0.0000000,0.0000000,0.0000000
MsgID.LOCAL_POSITION,61.7760000,-0.1663960,0.2125175,-0.1161828
MsgID.LOCAL_VELOCITY,61.7760000,-0.0000038,-0.0000250,0.0000012
MsgID.STATE,0.0000000,True,True,1
MsgID.GLOBAL_HOME,0.0000000,-122.3974533,37.7924804,0.0000000
MsgID.GLOBAL_POSITION,0.0000000,-122.3974512,37.7924790,0.1070000
MsgID.LOCAL_VELOCITY,0.0000000,0.0000000,0.0000000,0.0000000
MsgID.LOCAL_POSITION,62.0260000,-0.1552210,0.1847660,-0.1076646
MsgID.LOCAL_VELOCITY,62.0260000,-0.0000070,-0.0000072,0.0000204
MsgID.GLOBAL_POSITION,0.0000000,-122.3974494,37.7924810,0.0960000
MsgID.LOCAL_VELOCITY,0.0000000,0.0000000,0.0000000,0.0000000
MsgID.LOCAL_POSITION,62.2760000,0.0698865,0.3475495,-0.0967256
MsgID.LOCAL_VELOCITY,62.2760000,0.0000139,-0.0000324,0.0000115
MsgID.GLOBAL_POSITION,0.0000000,-122.3974500,37.7924803,0.0880000
MsgID.LOCAL_VELOCITY,0.0000000,0.0000000,0.0000000,0.0000000
MsgID.LOCAL_POSITION,62.5260000,-0.0173688,0.2893517,-0.0889916
MsgID.LOCAL_VELOCITY,62.5260000,-0.0000228,-0.0000123,0.0000058
MsgID.GLOBAL_POSITION,0.0000000,-122.3974496,37.7924784,0.0840000
MsgID.LOCAL_VELOCITY,0.0000000,0.0000000,0.0000000,0.0000000
MsgID.LOCAL_POSITION,62.7760000,-0.2227881,0.3252710,-0.0840260
MsgID.LOCAL_VELOCITY,62.7760000,0.0000003,-0.0000013,0.0000057
MsgID.STATE,0.0000000,True,True,1
MsgID.GLOBAL_HOME,0.0000000,-122.3974533,37.7924804,0.0000000
MsgID.GLOBAL_POSITION,0.0000000,-122.3974484,37.7924792,0.0820000
MsgID.LOCAL_VELOCITY,0.0000000,0.0000000,0.0000000,0.0000000
MsgID.LOCAL_POSITION,63.0260000,-0.1363682,0.4292066,-0.0826354
MsgID.LOCAL_VELOCITY,63.0260000,-0.0000129,0.0000084,0.0000082
MsgID.GLOBAL_POSITION,0.0000000,-122.3974513,37.7924807,0.0820000
MsgID.LOCAL_VELOCITY,0.0000000,0.0000000,0.0000000,0.0000000
MsgID.LOCAL_POSITION,63.2760000,0.0334579,0.1697707,-0.0824997
MsgID.LOCAL_VELOCITY,63.2760000,0.0000035,-0.0000128,0.0000125
MsgID.GLOBAL_POSITION,0.0000000,-122.3974499,37.7924796,0.0820000
MsgID.LOCAL_VELOCITY,0.0000000,0.0000000,0.0000000,0.0000000
MsgID.LOCAL_POSITION,63.5260000,-0.0920340,0.2972718,-0.0824997
MsgID.LOCAL_VELOCITY,63.5260000,-0.0000101,0.0000044,0.0000063
MsgID.GLOBAL_POSITION,0.0000000,-122.3974483,37.7924785,0.0820000
MsgID.LOCAL_VELOCITY,0.0000000,0.0000000,0.0000000,0.0000000
MsgID.LOCAL_POSITION,63.7760000,-0.2176038,0.4411555,-0.0824998
MsgID.LOCAL_VELOCITY,63.7760000,-0.0000279,0.0000089,0.0000057
MsgID.STATE,0.0000000,True,True,1
MsgID.GLOBAL_HOME,0.0000000,-122.3974533,37.7924804,0.0000000
MsgID.GLOBAL_POSITION,0.0000000,-122.3974483,37.7924798,0.0820000
MsgID.LOCAL_VELOCITY,0.0000000,0.0000000,0.0000000,0.0000000
MsgID.LOCAL_POSITION,64.0260000,-0.0734287,0.4419597,-0.0824998
MsgID.LOCAL_VELOCITY,64.0260000,-0.0000435,0.0000061,0.0000008
MsgID.GLOBAL_POSITION,0.0000000,-122.3974498,37.7924795,0.0820000
MsgID.LOCAL_VELOCITY,0.0000000,0.0000000,0.0000000,0.0000000
MsgID.LOCAL_POSITION,64.2760000,-0.1066424,0.3094593,-0.0824602
MsgID.LOCAL_VELOCITY,64.2760000,-0.0000017,-0.0000028,0.0000137
MsgID.GLOBAL_POSITION,0.0000000,-122.3974498,37.7924792,0.0810000
MsgID.LOCAL_VELOCITY,0.0000000,0.0000000,0.0000000,0.0000000
MsgID.LOCAL_POSITION,64.5270000,-0.1312700,0.3112871,-0.0817390
MsgID.LOCAL_VELOCITY,64.5270000,0.0000097,0.0000033,0.0000126
MsgID.GLOBAL_POSITION,0.0000000,-122.3974504,37.7924812,0.0780000
MsgID.LOCAL_VELOCITY,0.0000000,0.0000000,0.0000000,0.0000000
MsgID.LOCAL_POSITION,64.7770000,0.0886472,0.2491004,-0.0781687
MsgID.LOCAL_VELOCITY,64.7770000,0.0000303,-0.0000035,0.0000028
MsgID.STATE,0.0000000,True,True,1
MsgID.GLOBAL_HOME,0.0000000,-122.3974533,37.7924804,0.0000000
MsgID.GLOBAL_POSITION,0.0000000,-122.3974504,37.7924815,0.0700000
MsgID.LOCAL_VELOCITY,0.0000000,0.0000000,0.0000000,0.0000000
MsgID.LOCAL_POSITION,65.0270000,0.1191924,0.2512566,-0.0709561
MsgID.LOCAL_VELOCITY,65.0270000,0.0000160,-0.0000062,0.0000116
MsgID.GLOBAL_POSITION,0.0000000,-122.3974500,37.7924810,0.0570000
MsgID.LOCAL_VELOCITY,0.0000000,0.0000000,0.0000000,0.0000000
MsgID.LOCAL_POSITION,65.2770000,0.0621715,0.2857006,-0.0566594
MsgID.LOCAL_VELOCITY,65.2770000,0.0000151,-0.0000135,0.0000007
MsgID.GLOBAL_POSITION,0.0000000,-122.3974510,37.7924794,0.0380000
MsgID.LOCAL_VELOCITY,0.0000000,0.0000000,0.0000000,0.0000000
MsgID.LOCAL_POSITION,65.5270000,-0.1122710,0.2045687,-0.0387150
MsgID.LOCAL_VELOCITY,65.5270000,0.0000207,0.0000164,0.0000089
MsgID.GLOBAL_POSITION,0.0000000,-122.3974508,37.7924794,0.0190000
MsgID.LOCAL_VELOCITY,0.0000000,0.0000000,0.0000000,-0.0800000
MsgID.LOCAL_POSITION,65.7770000,-0.1120279,0.2153020,-0.0198542
MsgID.LOCAL_VELOCITY,65.7770000,-0.0007427,0.0057151,-0.0819125
MsgID.STATE,0.0000000,True,True,1
MsgID.GLOBAL_HOME,0.0000000,-122.3974533,37.7924804,0.0000000
MsgID.GLOBAL_POSITION,0.0000000,-122.3974486,37.7924802,0.0250000
MsgID.LOCAL_VELOCITY,0.0000000,0.0000000,0.0100000,-0.1400000
MsgID.LOCAL_POSITION,66.0270000,-0.0291919,0.4182349,-0.0254869
MsgID.LOCAL_VELOCITY,66.0270000,-0.0095541,0.0131058,-0.1469285
MsgID.GLOBAL_POSITION,0.0000000,-122.3974493,37.7924813,0.0370000
MsgID.LOCAL_VELOCITY,0.0000000,-0.0200000,0.0000000,-0.1300000
MsgID.LOCAL_POSITION,66.2770000,0.1022057,0.3531717,-0.0380222
MsgID.LOCAL_VELOCITY,66.2770000,-0.0217530,0.0011485,-0.1321452
MsgID.GLOBAL_POSITION,0.0000000,-122.3974511,37.7924800,0.0380000
MsgID.LOCAL_VELOCITY,0.0000000,-0.0300000,0.0000000,-0.1200000
MsgID.LOCAL_POSITION,66.5270000,-0.0451406,0.1915233,-0.0381443
MsgID.LOCAL_VELOCITY,66.5270000,-0.0363227,-0.0035253,-0.1249186
MsgID.GLOBAL_POSITION,0.0000000,-122.3974506,37.7924797,0.0620000
MsgID.LOCAL_VELOCITY,0.0000000,-0.0300000,0.0000000,-0.1800000
MsgID.LOCAL_POSITION,66.7770000,-0.0831419,0.2380817,-0.0627061
MsgID.LOCAL_VELOCITY,66.7770000,-0.0332907,0.0077754,-0.1809950
MsgID.STATE,0.0000000,True,True,1
MsgID.GLOBAL_HOME,0.0000000,-122.3974533,37.7924804,0.0000000
MsgID.GLOBAL_POSITION,0.0000000,-122.3974499,37.7924798,0.0650000
MsgID.LOCAL_VELOCITY,0.0000000,-0.0200000,0.0100000,-0.0300000
MsgID.LOCAL_POSITION,67.0270000,-0.0700090,0.2960476,-0.0656421
MsgID.LOCAL_VELOCITY,67.0270000,-0.0279693,0.0130050,-0.0361440
MsgID.GLOBAL_POSITION,0.0000000,-122.3974505,37.7924797,0.0670000
MsgID.LOCAL_VELOCITY,0.0000000,-0.0200000,0.0000000,-0.0300000
MsgID.LOCAL_POSITION,67.2770000,-0.0763275,0.2450635,-0.0680383
MsgID.LOCAL_VELOCITY,67.2770000,-0.0244172,0.0096636,-0.0363022
MsgID.GLOBAL_POSITION,0.0000000,-122.3974499,37.7924797,0.3400000
MsgID.LOCAL_VELOCITY,0.0000000,-0.0100000,0.0000000,-2.0500000
MsgID.LOCAL_POSITION,67.5280000,-0.0814561,0.2948614,-0.3409826
MsgID.LOCAL_VELOCITY,67.5280000,-0.0104314,0.0069280,-2.0553491
MsgID.GLOBAL_POSITION,0.0000000,-122.3974495,37.7924797,1.0200000
MsgID.LOCAL_VELOCITY,0.0000000,0.0000000,0.0000000,-2.8700000
MsgID.LOCAL_POSITION,67.7780000,-0.0814581,0.3329179,-1.0367213
MsgID.LOCAL_VELOCITY,67.7780000,0.0021883,-0.0049173,-2.8897259
MsgID.STATE,0.0000000,True,True,1
MsgID.GLOBAL_HOME,0.0000000,-122.3974533,37.7924804,0.0000000
MsgID.GLOBAL_POSITION,0.0000000,-122.3974484,37.7924796,1.7460000
MsgID.LOCAL_VELOCITY,0.0000000,0.0000000,-0.0100000,-3.0700000
MsgID.LOCAL_POSITION,68.0280000,-0.0947183,0.4298108,-1.7465204
MsgID.LOCAL_VELOCITY,68.0280000,-0.0000890,-0.0108039,-3.0767815
MsgID.GLOBAL_POSITION,0.0000000,-122.3974508,37.7924788,2.5980000
MsgID.LOCAL_VELOCITY,0.0000000,0.0000000,-0.0200000,-3.1700000
MsgID.LOCAL_POSITION,68.2780000,-0.1768756,0.2124372,-2.6114173
MsgID.LOCAL_VELOCITY,68.2780000,-0.0044132,-0.0221081,-3.1700850
MsgID.GLOBAL_POSITION,0.0000000,-122.3974501,37.7924802,15.0840000
MsgID.LOCAL_VELOCITY,0.0000000,0.1600000,0.9400000,-79.4300000
MsgID.LOCAL_POSITION,68.5280000,-0.0206975,0.2765075,-15.0842943